<?xml version="1.0" encoding="UTF-8"?>
<!-- Generated by org.testng.reporters.JUnitXMLReporter -->
<testsuite ignored="0" hostname="Parth" failures="0" tests="5" name="Default test" time="56.656" errors="0" timestamp="2025-04-02T23:38:24 IST">
  <testcase classname="note_Master.NoteMaster" name="signUp" time="0.982"/>
  <testcase classname="note_Master.NoteMaster" name="logIn" time="7.731"/>
  <testcase classname="note_Master.NoteMaster" name="WriteNotes" time="31.562"/>
  <testcase classname="note_Master.NoteMaster" name="profile" time="6.299"/>
  <testcase classname="note_Master.NoteMaster" name="Logout" time="2.12"/>
</testsuite> <!-- Default test -->
